TN:
SF:src\modules\orders\services\CriarSolicitacaoService.ts
FN:1,(empty-report)
FNF:1
FNH:0
FNDA:0,(empty-report)
DA:1,0
DA:2,0
DA:3,0
DA:4,0
DA:5,0
DA:6,0
DA:7,0
DA:8,0
DA:9,0
DA:10,0
DA:11,0
DA:12,0
DA:13,0
DA:14,0
DA:15,0
DA:16,0
DA:17,0
DA:18,0
DA:19,0
DA:20,0
DA:21,0
DA:22,0
DA:23,0
DA:24,0
DA:25,0
DA:26,0
DA:27,0
DA:28,0
DA:29,0
DA:30,0
DA:31,0
LF:31
LH:0
BRDA:1,0,0,0
BRF:1
BRH:0
end_of_record
TN:
SF:src\modules\users\services\AtualizarUsuarioAvatarService.ts
FN:17,AtualizarAvatarDoUsuarioService
FN:25,Object.<anonymous>.AtualizarAvatarDoUsuarioService.execute
FNF:2
FNH:2
FNDA:3,AtualizarAvatarDoUsuarioService
FNDA:4,Object.<anonymous>.AtualizarAvatarDoUsuarioService.execute
DA:1,1
DA:2,1
DA:3,1
DA:4,1
DA:5,1
DA:6,1
DA:7,1
DA:8,1
DA:9,1
DA:10,1
DA:11,1
DA:12,1
DA:13,1
DA:14,1
DA:15,1
DA:16,1
DA:17,1
DA:18,3
DA:19,3
DA:20,3
DA:21,3
DA:22,3
DA:23,3
DA:24,1
DA:25,1
DA:26,4
DA:27,4
DA:28,4
DA:29,4
DA:30,1
DA:31,1
DA:32,3
DA:33,3
DA:34,1
DA:35,4
DA:36,4
DA:37,4
DA:38,4
DA:39,4
DA:40,4
DA:41,4
DA:42,4
DA:43,4
DA:44,4
DA:45,1
DA:46,1
DA:47,1
LF:47
LH:47
BRDA:16,0,0,1
BRDA:17,1,0,3
BRDA:25,2,0,4
BRDA:27,3,0,4
BRDA:29,4,0,1
BRDA:32,5,0,3
BRDA:33,6,0,2
BRDA:33,7,0,1
BRDA:37,8,0,3
BRF:9
BRH:9
end_of_record
TN:
SF:src\modules\users\services\AutenticarUsuarioService.ts
FN:21,AutenticarUsuarioService
FN:30,Object.<anonymous>.AutenticarUsuarioService.execute
FNF:2
FNH:2
FNDA:3,AutenticarUsuarioService
FNDA:3,Object.<anonymous>.AutenticarUsuarioService.execute
DA:1,1
DA:2,1
DA:3,1
DA:4,1
DA:5,1
DA:6,1
DA:7,1
DA:8,1
DA:9,1
DA:10,1
DA:11,1
DA:12,1
DA:13,1
DA:14,1
DA:15,1
DA:16,1
DA:17,1
DA:18,1
DA:19,1
DA:20,1
DA:21,1
DA:22,3
DA:23,3
DA:24,3
DA:25,3
DA:26,3
DA:27,3
DA:28,3
DA:29,1
DA:30,1
DA:31,3
DA:32,3
DA:33,3
DA:34,3
DA:35,1
DA:36,1
DA:37,2
DA:38,2
DA:39,3
DA:40,3
DA:41,1
DA:42,1
DA:43,1
DA:44,1
DA:45,1
DA:46,1
DA:47,1
DA:48,1
DA:49,1
DA:50,1
DA:51,1
DA:52,1
DA:53,1
DA:54,1
DA:55,3
DA:56,1
DA:57,1
DA:58,1
LF:58
LH:58
BRDA:20,0,0,1
BRDA:21,1,0,3
BRDA:30,2,0,3
BRDA:32,3,0,3
BRDA:34,4,0,1
BRDA:36,5,0,2
BRDA:40,6,0,1
BRF:7
BRH:7
end_of_record
TN:
SF:src\modules\users\services\CriarUsuarioService.ts
FN:15,CriarUsuarioService
FN:23,Object.<anonymous>.CriarUsuarioService.execute
FNF:2
FNH:2
FNDA:2,CriarUsuarioService
FNDA:3,Object.<anonymous>.CriarUsuarioService.execute
DA:1,1
DA:2,1
DA:3,1
DA:4,1
DA:5,1
DA:6,1
DA:7,1
DA:8,1
DA:9,1
DA:10,1
DA:11,1
DA:12,1
DA:13,1
DA:14,1
DA:15,1
DA:16,2
DA:17,2
DA:18,2
DA:19,2
DA:20,2
DA:21,2
DA:22,1
DA:23,1
DA:24,3
DA:25,3
DA:26,3
DA:27,3
DA:28,1
DA:29,1
DA:30,2
DA:31,2
DA:32,3
DA:33,3
DA:34,3
DA:35,3
DA:36,3
DA:37,3
DA:38,3
DA:39,3
DA:40,3
DA:41,1
DA:42,1
DA:43,1
LF:43
LH:43
BRDA:13,0,0,1
BRDA:15,1,0,2
BRDA:23,2,0,3
BRDA:25,3,0,3
BRDA:27,4,0,1
BRDA:30,5,0,2
BRF:6
BRH:6
end_of_record
